state	power	likelihood
260	1	-90.9472
270	1	-86.7865
280	1	-86.7975
290	1	-87.6189
300	1	-87.0568
310	1	-86.7742
320	1	-88.9477
330	1	-86.7961
340	1	-86.8932
350	1	-86.7826
360	1	-87.004
370	1	-87.9828
380	1	-87.309
390	1	-87.3038
400	1	-87.6147
410	1	-87.1611
420	1	-86.9991
430	1	-86.7863
440	1	-87.0096
450	1	-87.3466
460	1	-86.7951
470	1	-87.5454
480	1	-86.9024
490	1	-88.2963
500	1	-86.7788
510	1	-88.3374
520	1	-86.8637
530	1	-86.8417
540	1	-86.7755
550	1	-86.8074
560	1	-87.2243
570	1	-86.99
580	1	-86.8998
590	1	-87.4081
600	1	-87.1777
610	1	-87.751
620	1	-86.8428
630	1	-86.7891
640	1	-86.8924
650	1	-86.7954
660	1	-87.8349
670	1	-86.7795
680	1	-87.808
690	1	-86.8317
700	1	-86.785
710	1	-87.1902
720	1	-86.7792
730	1	-86.779
740	1	-87.1066
750	1	-86.9764
760	1	-89.2534
770	1	-86.8833
780	1	-86.7781
790	1	-86.8626
800	1	-88.5145
810	1	-86.8041
820	1	-87.1259
830	1	-86.8691
840	1	-87.2551
850	1	-86.8554
860	1	-87.2641
870	1	-86.8022
880	1	-87.8974
890	1	-86.7888
900	1	-86.7787
910	1	-86.9025
920	1	-87.1642
930	1	-87.4253
940	1	-86.9924
950	1	-87.7597
960	1	-86.9343
970	1	-87.0145
980	1	-87.0247
990	1	-86.9853
1000	1	-88.1627
